<?xml version="1.0" encoding="UTF-8"?>
<!-- Generated by org.testng.reporters.JUnitReportReporter -->
<testsuite hostname="VSPL-H-PC106-L" failures="0" tests="1" name="TestNG.InvocationCount" time="72.348" errors="0" timestamp="2024-08-02T18:51:45 IST" skipped="0">
  <testcase classname="TestNG.InvocationCount" name="test" time="72.348"/>
  <system-out/>
</testsuite> <!-- TestNG.InvocationCount -->
