<?xml version="1.0" encoding="UTF-8"?>
<!-- Generated by org.testng.reporters.JUnitReportReporter -->
<testsuite hostname="VSPL-H-PC106-L" failures="0" tests="4" name="TestNG.AnnotationandPriority1" time="30.619" errors="0" timestamp="2024-07-25T18:54:24 IST" skipped="0">
  <testcase classname="TestNG.AnnotationandPriority1" name="OpenApp" time="26.829"/>
  <system-out/>
  <testcase classname="TestNG.AnnotationandPriority1" name="Login" time="3.340"/>
  <system-out/>
  <testcase classname="TestNG.AnnotationandPriority1" name="Search" time="0.011"/>
  <system-out/>
  <testcase classname="TestNG.AnnotationandPriority1" name="CloseApp" time="0.439"/>
  <system-out/>
</testsuite> <!-- TestNG.AnnotationandPriority1 -->
