<?xml version="1.0" encoding="UTF-8"?>
<!-- Generated by org.testng.reporters.JUnitReportReporter -->
<testsuite hostname="VSPL-H-PC106-L" failures="0" tests="3" name="TestNG.BeforeAfterMethod" time="49.770" errors="0" timestamp="2024-07-27T17:34:06 IST" skipped="0">
  <testcase classname="TestNG.BeforeAfterMethod" name="Login" time="22.453"/>
  <system-out/>
  <testcase classname="TestNG.BeforeAfterMethod" name="Search" time="13.384"/>
  <system-out/>
  <testcase classname="TestNG.BeforeAfterMethod" name="CloseApp" time="13.933"/>
  <system-out/>
</testsuite> <!-- TestNG.BeforeAfterMethod -->
