<?xml version="1.0" encoding="UTF-8"?>
<!-- Generated by org.testng.reporters.JUnitReportReporter -->
<testsuite hostname="VSPL-H-PC106-L" failures="0" tests="4" name="TestNG.AnnotationAndPriority" time="27.107" errors="0" timestamp="2024-07-23T18:12:11 IST" skipped="0">
  <testcase classname="TestNG.AnnotationAndPriority" name="OpenApp" time="21.722"/>
  <system-out/>
  <testcase classname="TestNG.AnnotationAndPriority" name="Login" time="4.228"/>
  <system-out/>
  <testcase classname="TestNG.AnnotationAndPriority" name="Search" time="0.005"/>
  <system-out/>
  <testcase classname="TestNG.AnnotationAndPriority" name="CloseApp" time="1.152"/>
  <system-out/>
</testsuite> <!-- TestNG.AnnotationAndPriority -->
